2024-02-13 15:44:27,976 ERROR Hippodrome: Horses list is empty
2024-02-13 15:44:28,034 ERROR Hippodrome: Horses list is null
2024-02-13 15:44:31,006 DEBUG Hippodrome: Создание Hippodrome, лошадей [50]
2024-02-13 15:44:31,130 DEBUG Horse: Создание Horse, имя [Horse 1], скорость [49.27087036095652]
2024-02-13 15:44:31,132 DEBUG Horse: Создание Horse, имя [Horse 2], скорость [32.46022610035976]
2024-02-13 15:44:31,133 DEBUG Horse: Создание Horse, имя [Horse 3], скорость [38.72790395679106]
2024-02-13 15:44:31,133 DEBUG Horse: Создание Horse, имя [Horse 4], скорость [21.806028763238277]
2024-02-13 15:44:31,152 DEBUG Horse: Создание Horse, имя [Horse 5], скорость [30.907014578744256]
2024-02-13 15:44:31,153 DEBUG Horse: Создание Horse, имя [Horse 6], скорость [29.001776054321283]
2024-02-13 15:44:31,155 DEBUG Horse: Создание Horse, имя [Horse 7], скорость [33.3244767800861]
2024-02-13 15:44:31,156 DEBUG Horse: Создание Horse, имя [Horse 8], скорость [31.26551895142274]
2024-02-13 15:44:31,156 DEBUG Horse: Создание Horse, имя [Horse 9], скорость [38.681168527024866]
2024-02-13 15:44:31,157 DEBUG Horse: Создание Horse, имя [Horse 10], скорость [41.32142673722031]
2024-02-13 15:44:31,157 DEBUG Horse: Создание Horse, имя [Horse 11], скорость [34.99302762732853]
2024-02-13 15:44:31,157 DEBUG Horse: Создание Horse, имя [Horse 12], скорость [23.136075667000913]
2024-02-13 15:44:31,158 DEBUG Horse: Создание Horse, имя [Horse 13], скорость [31.573902245265884]
2024-02-13 15:44:31,158 DEBUG Horse: Создание Horse, имя [Horse 14], скорость [39.6379494260846]
2024-02-13 15:44:31,158 DEBUG Horse: Создание Horse, имя [Horse 15], скорость [32.98351235565214]
2024-02-13 15:44:31,158 DEBUG Horse: Создание Horse, имя [Horse 16], скорость [49.97722213700736]
2024-02-13 15:44:31,159 DEBUG Horse: Создание Horse, имя [Horse 17], скорость [47.30130371692751]
2024-02-13 15:44:31,159 DEBUG Horse: Создание Horse, имя [Horse 18], скорость [38.599684684058744]
2024-02-13 15:44:31,159 DEBUG Horse: Создание Horse, имя [Horse 19], скорость [47.77253068190714]
2024-02-13 15:44:31,160 DEBUG Horse: Создание Horse, имя [Horse 20], скорость [46.5629844226314]
2024-02-13 15:44:31,161 DEBUG Horse: Создание Horse, имя [Horse 21], скорость [37.995926116338694]
2024-02-13 15:44:31,161 DEBUG Horse: Создание Horse, имя [Horse 22], скорость [27.11512328886876]
2024-02-13 15:44:31,161 DEBUG Horse: Создание Horse, имя [Horse 23], скорость [40.38288811410068]
2024-02-13 15:44:31,162 DEBUG Horse: Создание Horse, имя [Horse 24], скорость [32.58448306977143]
2024-02-13 15:44:31,162 DEBUG Horse: Создание Horse, имя [Horse 25], скорость [45.61614065348955]
2024-02-13 15:44:31,163 DEBUG Horse: Создание Horse, имя [Horse 26], скорость [48.097424363859616]
2024-02-13 15:44:31,163 DEBUG Horse: Создание Horse, имя [Horse 27], скорость [37.2713951092991]
2024-02-13 15:44:31,164 DEBUG Horse: Создание Horse, имя [Horse 28], скорость [49.54380416587567]
2024-02-13 15:44:31,164 DEBUG Horse: Создание Horse, имя [Horse 29], скорость [20.638556401872734]
2024-02-13 15:44:31,165 DEBUG Horse: Создание Horse, имя [Horse 30], скорость [48.552566658119446]
2024-02-13 15:44:31,165 DEBUG Hippodrome: Создание Hippodrome, лошадей [30]
2024-02-13 15:44:31,177 DEBUG Horse: Создание Horse, имя [Horse 1], скорость [20.0]
2024-02-13 15:44:31,177 DEBUG Horse: Создание Horse, имя [Horse 2], скорость [23.0]
2024-02-13 15:44:31,178 DEBUG Horse: Создание Horse, имя [Horse 3], скорость [18.0]
2024-02-13 15:44:31,179 DEBUG Hippodrome: Создание Hippodrome, лошадей [3]
2024-02-13 15:44:31,242 DEBUG Horse: Создание Horse, имя [Vegas], скорость [10.0]
2024-02-13 15:44:31,249 DEBUG Horse: Создание Horse, имя [Vegas], скорость [10.0]
2024-02-13 15:44:31,255 ERROR Horse: Distance is negative
2024-02-13 15:44:31,540 DEBUG Horse: Создание Horse, имя [Vegas], скорость [10.0]
2024-02-13 15:44:31,731 ERROR Horse: Name is blank
2024-02-13 15:44:31,757 DEBUG Horse: Создание Horse, имя [Vegas], скорость [10.0]
2024-02-13 15:44:31,764 ERROR Horse: Name is blank
2024-02-13 15:44:31,784 DEBUG Horse: Создание Horse, имя [Vegas], скорость [10.0]
2024-02-13 15:44:31,787 ERROR Horse: Name is blank
2024-02-13 15:44:31,846 DEBUG Horse: Создание Horse, имя [Vegas], скорость [10.0]
2024-02-13 15:44:31,848 ERROR Horse: Name is blank
2024-02-13 15:44:31,864 DEBUG Horse: Создание Horse, имя [Vegas], скорость [10.0]
2024-02-13 15:44:31,866 ERROR Horse: Name is blank
2024-02-13 15:44:31,892 DEBUG Horse: Создание Horse, имя [Vegas], скорость [10.0]
2024-02-13 15:44:31,893 ERROR Horse: Name is blank
2024-02-13 15:44:31,911 DEBUG Horse: Создание Horse, имя [Vegas], скорость [10.0]
2024-02-13 15:44:31,912 ERROR Horse: Name is blank
2024-02-13 15:44:31,921 DEBUG Horse: Создание Horse, имя [Vegas], скорость [10.0]
2024-02-13 15:44:31,935 DEBUG Horse: Создание Horse, имя [Vegas], скорость [10.0]
2024-02-13 15:44:31,995 DEBUG Horse: Создание Horse, имя [Vegas], скорость [10.0]
2024-02-13 15:44:32,001 ERROR Horse: Speed is negative
2024-02-13 15:44:32,008 DEBUG Horse: Создание Horse, имя [Vegas], скорость [10.0]
2024-02-13 15:44:32,010 ERROR Horse: Name is null
2024-02-13 15:44:32,017 DEBUG Horse: Создание Horse, имя [Vegas], скорость [10.0]
