2024-03-02 14:03:31,102 ERROR Hippodrome: Horses list is null
2024-03-02 14:03:32,209 DEBUG Hippodrome: Создание Hippodrome, лошадей [50]
2024-03-02 14:03:32,320 ERROR Hippodrome: Horses list is empty
2024-03-02 14:03:32,332 DEBUG Horse: Создание Horse, имя [Horse0], скорость [7.760775675226859]
2024-03-02 14:03:32,332 DEBUG Horse: Создание Horse, имя [Horse1], скорость [5.9704924832062805]
2024-03-02 14:03:32,332 DEBUG Horse: Создание Horse, имя [Horse2], скорость [5.990059495685594]
2024-03-02 14:03:32,332 DEBUG Horse: Создание Horse, имя [Horse3], скорость [2.4186586733901603]
2024-03-02 14:03:32,333 DEBUG Horse: Создание Horse, имя [Horse4], скорость [9.263023885133506]
2024-03-02 14:03:32,333 DEBUG Horse: Создание Horse, имя [Horse5], скорость [6.64681854214242]
2024-03-02 14:03:32,333 DEBUG Horse: Создание Horse, имя [Horse6], скорость [1.2460456387897012]
2024-03-02 14:03:32,333 DEBUG Horse: Создание Horse, имя [Horse7], скорость [6.098201891296114]
2024-03-02 14:03:32,334 DEBUG Horse: Создание Horse, имя [Horse8], скорость [5.089430397161544]
2024-03-02 14:03:32,334 DEBUG Horse: Создание Horse, имя [Horse9], скорость [4.7287293373699635]
2024-03-02 14:03:32,334 DEBUG Horse: Создание Horse, имя [Horse10], скорость [8.690262693108284]
2024-03-02 14:03:32,334 DEBUG Horse: Создание Horse, имя [Horse11], скорость [4.41609802029922]
2024-03-02 14:03:32,334 DEBUG Horse: Создание Horse, имя [Horse12], скорость [4.89742152564564]
2024-03-02 14:03:32,335 DEBUG Horse: Создание Horse, имя [Horse13], скорость [5.620800888989098]
2024-03-02 14:03:32,335 DEBUG Horse: Создание Horse, имя [Horse14], скорость [5.808819410963631]
2024-03-02 14:03:32,335 DEBUG Horse: Создание Horse, имя [Horse15], скорость [1.1859530272820222]
2024-03-02 14:03:32,335 DEBUG Horse: Создание Horse, имя [Horse16], скорость [5.9486098589129295]
2024-03-02 14:03:32,335 DEBUG Horse: Создание Horse, имя [Horse17], скорость [1.753616619361472]
2024-03-02 14:03:32,335 DEBUG Horse: Создание Horse, имя [Horse18], скорость [1.9060645035663195]
2024-03-02 14:03:32,336 DEBUG Horse: Создание Horse, имя [Horse19], скорость [1.5223840585445534]
2024-03-02 14:03:32,336 DEBUG Horse: Создание Horse, имя [Horse20], скорость [1.9680065803565494]
2024-03-02 14:03:32,336 DEBUG Horse: Создание Horse, имя [Horse21], скорость [8.974305631463428]
2024-03-02 14:03:32,336 DEBUG Horse: Создание Horse, имя [Horse22], скорость [9.383139774766756]
2024-03-02 14:03:32,336 DEBUG Horse: Создание Horse, имя [Horse23], скорость [9.758810155031865]
2024-03-02 14:03:32,337 DEBUG Horse: Создание Horse, имя [Horse24], скорость [3.159300761974129]
2024-03-02 14:03:32,337 DEBUG Horse: Создание Horse, имя [Horse25], скорость [6.137093947078379]
2024-03-02 14:03:32,337 DEBUG Horse: Создание Horse, имя [Horse26], скорость [6.7136168353117425]
2024-03-02 14:03:32,337 DEBUG Horse: Создание Horse, имя [Horse27], скорость [9.262520762668224]
2024-03-02 14:03:32,337 DEBUG Horse: Создание Horse, имя [Horse28], скорость [4.270735636182458]
2024-03-02 14:03:32,337 DEBUG Horse: Создание Horse, имя [Horse29], скорость [1.1008969085303393]
2024-03-02 14:03:32,338 DEBUG Hippodrome: Создание Hippodrome, лошадей [30]
2024-03-02 14:03:32,348 ERROR Hippodrome: Horses list is null
2024-03-02 14:03:32,357 DEBUG Horse: Создание Horse, имя [Horse0], скорость [3.2309559000263026]
2024-03-02 14:03:32,357 DEBUG Horse: Создание Horse, имя [Horse1], скорость [5.231790882436747]
2024-03-02 14:03:32,358 DEBUG Horse: Создание Horse, имя [Horse2], скорость [3.120903614753355]
2024-03-02 14:03:32,358 DEBUG Horse: Создание Horse, имя [Horse3], скорость [1.8998675244909802]
2024-03-02 14:03:32,358 DEBUG Horse: Создание Horse, имя [Horse4], скорость [9.44200517395159]
2024-03-02 14:03:32,358 DEBUG Hippodrome: Создание Hippodrome, лошадей [5]
2024-03-02 14:03:32,370 ERROR Hippodrome: Horses list is empty
2024-03-02 14:03:50,012 DEBUG Horse: Создание Horse, имя [Lucky], скорость [3.0]
2024-03-02 14:03:50,028 ERROR Horse: Distance is negative
2024-03-02 14:03:50,046 DEBUG Horse: Создание Horse, имя [Lucky], скорость [3.0]
2024-03-02 14:03:50,052 DEBUG Horse: Создание Horse, имя [Lucky], скорость [3.0]
2024-03-02 14:03:50,058 DEBUG Horse: Создание Horse, имя [Lucky], скорость [3.0]
2024-03-02 14:03:50,059 ERROR Horse: Distance is negative
2024-03-02 14:03:50,069 DEBUG Horse: Создание Horse, имя [Lucky], скорость [3.0]
2024-03-02 14:03:50,069 ERROR Horse: Speed is negative
2024-03-02 14:03:50,074 DEBUG Horse: Создание Horse, имя [Lucky], скорость [3.0]
2024-03-02 14:03:50,075 ERROR Horse: Name is null
2024-03-02 14:03:50,126 DEBUG Horse: Создание Horse, имя [Lucky], скорость [3.0]
2024-03-02 14:03:50,156 ERROR Horse: Name is blank
2024-03-02 14:03:50,170 DEBUG Horse: Создание Horse, имя [Lucky], скорость [3.0]
2024-03-02 14:03:50,171 ERROR Horse: Name is blank
2024-03-02 14:03:50,181 DEBUG Horse: Создание Horse, имя [Lucky], скорость [3.0]
2024-03-02 14:03:50,185 ERROR Horse: Name is blank
2024-03-02 14:03:50,193 DEBUG Horse: Создание Horse, имя [Lucky], скорость [3.0]
2024-03-02 14:03:50,194 ERROR Horse: Name is blank
2024-03-02 14:03:50,198 DEBUG Horse: Создание Horse, имя [Lucky], скорость [3.0]
2024-03-02 14:03:50,199 ERROR Horse: Name is blank
2024-03-02 14:03:50,203 DEBUG Horse: Создание Horse, имя [Lucky], скорость [3.0]
2024-03-02 14:03:50,205 ERROR Horse: Name is blank
2024-03-02 14:03:50,209 DEBUG Horse: Создание Horse, имя [Lucky], скорость [3.0]
2024-03-02 14:03:50,210 DEBUG Horse: Создание Horse, имя [], скорость [3.0]
2024-03-02 14:03:50,214 DEBUG Horse: Создание Horse, имя [Lucky], скорость [3.0]
2024-03-02 14:03:50,215 ERROR Horse: Name is blank
2024-03-02 14:03:50,220 DEBUG Horse: Создание Horse, имя [Lucky], скорость [3.0]
2024-03-02 14:03:50,221 ERROR Horse: Name is blank
2024-03-02 14:03:50,229 DEBUG Horse: Создание Horse, имя [Lucky], скорость [3.0]
2024-03-02 14:03:50,232 ERROR Horse: Name is blank
2024-03-02 14:03:50,235 DEBUG Horse: Создание Horse, имя [Lucky], скорость [3.0]
2024-03-02 14:03:50,236 ERROR Horse: Name is blank
2024-03-02 14:03:50,239 DEBUG Horse: Создание Horse, имя [Lucky], скорость [3.0]
2024-03-02 14:03:50,240 ERROR Horse: Name is blank
2024-03-02 14:03:50,244 DEBUG Horse: Создание Horse, имя [Lucky], скорость [3.0]
2024-03-02 14:03:50,245 ERROR Horse: Name is blank
2024-03-02 14:03:50,249 DEBUG Horse: Создание Horse, имя [Lucky], скорость [3.0]
2024-03-02 14:03:50,249 ERROR Horse: Name is blank
2024-03-02 14:03:50,253 DEBUG Horse: Создание Horse, имя [Lucky], скорость [3.0]
2024-03-02 14:03:50,254 ERROR Horse: Name is blank
2024-03-02 14:03:50,259 DEBUG Horse: Создание Horse, имя [Lucky], скорость [3.0]
2024-03-02 14:03:50,260 ERROR Horse: Name is blank
2024-03-02 14:03:50,264 DEBUG Horse: Создание Horse, имя [Lucky], скорость [3.0]
2024-03-02 14:03:50,265 ERROR Horse: Name is blank
2024-03-02 14:03:50,268 DEBUG Horse: Создание Horse, имя [Lucky], скорость [3.0]
2024-03-02 14:03:50,269 ERROR Horse: Speed is negative
2024-03-02 14:03:50,272 DEBUG Horse: Создание Horse, имя [Lucky], скорость [3.0]
2024-03-02 14:03:50,273 ERROR Horse: Name is null
2024-03-02 14:03:50,280 DEBUG Horse: Создание Horse, имя [Lucky], скорость [3.0]
2024-03-02 14:03:51,334 DEBUG Horse: Создание Horse, имя [Lucky], скорость [3.0]
2024-03-02 14:03:51,346 DEBUG Horse: Создание Horse, имя [Lucky], скорость [3.0]
2024-03-02 14:03:51,356 DEBUG Horse: Создание Horse, имя [Lucky], скорость [3.0]
2024-03-02 14:03:51,370 DEBUG Horse: Создание Horse, имя [Lucky], скорость [3.0]
