2024-02-14 15:04:43,096 DEBUG Horse: Создание Horse, имя [Vegas], скорость [10.0]
2024-02-14 15:04:43,133 DEBUG Horse: Создание Horse, имя [Vegas], скорость [10.0]
2024-02-14 15:04:43,136 ERROR Horse: Distance is negative
2024-02-14 15:04:43,206 DEBUG Horse: Создание Horse, имя [Vegas], скорость [10.0]
2024-02-14 15:04:43,244 ERROR Horse: Name is blank
2024-02-14 15:04:43,261 DEBUG Horse: Создание Horse, имя [Vegas], скорость [10.0]
2024-02-14 15:04:43,262 ERROR Horse: Name is blank
2024-02-14 15:04:43,269 DEBUG Horse: Создание Horse, имя [Vegas], скорость [10.0]
2024-02-14 15:04:43,272 ERROR Horse: Name is blank
2024-02-14 15:04:43,282 DEBUG Horse: Создание Horse, имя [Vegas], скорость [10.0]
2024-02-14 15:04:43,283 ERROR Horse: Name is blank
2024-02-14 15:04:43,293 DEBUG Horse: Создание Horse, имя [Vegas], скорость [10.0]
2024-02-14 15:04:43,294 ERROR Horse: Name is blank
2024-02-14 15:04:43,300 DEBUG Horse: Создание Horse, имя [Vegas], скорость [10.0]
2024-02-14 15:04:43,301 ERROR Horse: Name is blank
2024-02-14 15:04:43,308 DEBUG Horse: Создание Horse, имя [Vegas], скорость [10.0]
2024-02-14 15:04:43,309 ERROR Horse: Name is blank
2024-02-14 15:04:43,317 DEBUG Horse: Создание Horse, имя [Vegas], скорость [10.0]
2024-02-14 15:04:43,323 DEBUG Horse: Создание Horse, имя [Vegas], скорость [10.0]
2024-02-14 15:04:46,014 DEBUG Horse: Создание Horse, имя [Vegas], скорость [10.0]
2024-02-14 15:04:46,016 ERROR Horse: Speed is negative
2024-02-14 15:04:46,030 DEBUG Horse: Создание Horse, имя [Vegas], скорость [10.0]
2024-02-14 15:04:46,034 ERROR Horse: Name is null
2024-02-14 15:04:46,044 DEBUG Horse: Создание Horse, имя [Vegas], скорость [10.0]
2024-02-14 15:04:46,070 ERROR Hippodrome: Horses list is empty
2024-02-14 15:04:46,078 ERROR Hippodrome: Horses list is null
2024-02-14 15:04:46,404 DEBUG Hippodrome: Создание Hippodrome, лошадей [50]
2024-02-14 15:04:46,464 DEBUG Horse: Создание Horse, имя [Horse 1], скорость [26.91700910271924]
2024-02-14 15:04:46,464 DEBUG Horse: Создание Horse, имя [Horse 2], скорость [29.901188573101493]
2024-02-14 15:04:46,464 DEBUG Horse: Создание Horse, имя [Horse 3], скорость [32.19922856180721]
2024-02-14 15:04:46,465 DEBUG Horse: Создание Horse, имя [Horse 4], скорость [32.949916509138404]
2024-02-14 15:04:46,465 DEBUG Horse: Создание Horse, имя [Horse 5], скорость [28.673073117226693]
2024-02-14 15:04:46,465 DEBUG Horse: Создание Horse, имя [Horse 6], скорость [36.41415328788379]
2024-02-14 15:04:46,466 DEBUG Horse: Создание Horse, имя [Horse 7], скорость [25.255414960677143]
2024-02-14 15:04:46,466 DEBUG Horse: Создание Horse, имя [Horse 8], скорость [28.40170455430314]
2024-02-14 15:04:46,466 DEBUG Horse: Создание Horse, имя [Horse 9], скорость [43.29740224092972]
2024-02-14 15:04:46,466 DEBUG Horse: Создание Horse, имя [Horse 10], скорость [30.645517639719543]
2024-02-14 15:04:46,467 DEBUG Horse: Создание Horse, имя [Horse 11], скорость [29.965765547153666]
2024-02-14 15:04:46,467 DEBUG Horse: Создание Horse, имя [Horse 12], скорость [40.10007123539155]
2024-02-14 15:04:46,467 DEBUG Horse: Создание Horse, имя [Horse 13], скорость [21.47431579465914]
2024-02-14 15:04:46,468 DEBUG Horse: Создание Horse, имя [Horse 14], скорость [47.046121460600645]
2024-02-14 15:04:46,471 DEBUG Horse: Создание Horse, имя [Horse 15], скорость [32.77054277798564]
2024-02-14 15:04:46,472 DEBUG Horse: Создание Horse, имя [Horse 16], скорость [23.628064731445686]
2024-02-14 15:04:46,472 DEBUG Horse: Создание Horse, имя [Horse 17], скорость [28.280293133154345]
2024-02-14 15:04:46,473 DEBUG Horse: Создание Horse, имя [Horse 18], скорость [25.21496857048799]
2024-02-14 15:04:46,474 DEBUG Horse: Создание Horse, имя [Horse 19], скорость [44.7490301765705]
2024-02-14 15:04:46,475 DEBUG Horse: Создание Horse, имя [Horse 20], скорость [38.88061587746489]
2024-02-14 15:04:46,476 DEBUG Horse: Создание Horse, имя [Horse 21], скорость [22.091243234300986]
2024-02-14 15:04:46,477 DEBUG Horse: Создание Horse, имя [Horse 22], скорость [48.639717383362296]
2024-02-14 15:04:46,479 DEBUG Horse: Создание Horse, имя [Horse 23], скорость [41.470105093376134]
2024-02-14 15:04:46,480 DEBUG Horse: Создание Horse, имя [Horse 24], скорость [25.856723648516297]
2024-02-14 15:04:46,480 DEBUG Horse: Создание Horse, имя [Horse 25], скорость [31.577544174911004]
2024-02-14 15:04:46,481 DEBUG Horse: Создание Horse, имя [Horse 26], скорость [45.46048893009025]
2024-02-14 15:04:46,481 DEBUG Horse: Создание Horse, имя [Horse 27], скорость [34.27041577541851]
2024-02-14 15:04:46,481 DEBUG Horse: Создание Horse, имя [Horse 28], скорость [44.25230752869011]
2024-02-14 15:04:46,482 DEBUG Horse: Создание Horse, имя [Horse 29], скорость [49.34153690047219]
2024-02-14 15:04:46,482 DEBUG Horse: Создание Horse, имя [Horse 30], скорость [26.686677292265877]
2024-02-14 15:04:46,483 DEBUG Hippodrome: Создание Hippodrome, лошадей [30]
2024-02-14 15:04:46,503 DEBUG Horse: Создание Horse, имя [Horse 1], скорость [20.0]
2024-02-14 15:04:46,504 DEBUG Horse: Создание Horse, имя [Horse 2], скорость [23.0]
2024-02-14 15:04:46,504 DEBUG Horse: Создание Horse, имя [Horse 3], скорость [18.0]
2024-02-14 15:04:46,505 DEBUG Hippodrome: Создание Hippodrome, лошадей [3]
